build/app/outputs/mapping/release/seeds.txt
androidx.appcompat.widget.SwitchCompat: int getCompoundPaddingRight()
androidx.core.app.AppOpsManagerCompat$Api23Impl: java.lang.Object getSystemService(android.content.Context,java.lang.Class)
androidx.window.area.reflectionguard.ExtensionWindowAreaStatusRequirements: android.util.DisplayMetrics getWindowAreaDisplayMetrics()
androidx.core.app.NotificationCompatBuilder$Api26Impl: android.app.Notification$Builder setGroupAlertBehavior(android.app.Notification$Builder,int)
androidx.appcompat.widget.AppCompatButton: void setBackgroundResource(int)
androidx.core.view.ViewParentCompat$Api21Impl: void onStopNestedScroll(android.view.ViewParent,android.view.View)
androidx.core.view.WindowInsetsCompat$Impl29: void setStableInsets(androidx.core.graphics.Insets)
io.flutter.embedding.engine.systemchannels.PlatformChannel$SystemUiMode: io.flutter.embedding.engine.systemchannels.PlatformChannel$SystemUiMode[] values()
androidx.datastore.preferences.protobuf.WireFormat$JavaType: androidx.datastore.preferences.protobuf.WireFormat$JavaType valueOf(java.lang.String)
io.flutter.view.TextureRegistry$SurfaceTextureEntry$-CC: void $default$setOnFrameConsumedListener(io.flutter.view.TextureRegistry$SurfaceTextureEntry,io.flutter.view.TextureRegistry$OnFrameConsumedListener)
androidx.core.view.ViewCompat$Api21Impl: androidx.core.view.WindowInsetsCompat computeSystemWindowInsets(android.view.View,androidx.core.view.WindowInsetsCompat,android.graphics.Rect)
io.flutter.embedding.engine.FlutterJNI: void invokePlatformMessageResponseCallback(int,java.nio.ByteBuffer,int)
androidx.core.view.ViewConfigurationCompat$Api28Impl: boolean shouldShowMenuShortcutsWhenKeyboardPresent(android.view.ViewConfiguration)
androidx.preference.EditTextPreference: EditTextPreference(android.content.Context,android.util.AttributeSet)
com.google.android.gms.common.SupportErrorDialogFragment: SupportErrorDialogFragment()
androidx.appcompat.view.menu.ActionMenuItemView: void setChecked(boolean)
androidx.biometric.CancellationSignalProvider$Api16Impl: void cancel(android.os.CancellationSignal)
io.flutter.view.AccessibilityViewEmbedder: java.lang.Integer getRecordFlutterId(android.view.View,android.view.accessibility.AccessibilityRecord)
io.flutter.embedding.engine.renderer.FlutterRenderer$ImageReaderSurfaceProducer: void pruneImageReaderQueue()
androidx.core.view.ViewCompat$Api28Impl: void setScreenReaderFocusable(android.view.View,boolean)
androidx.appcompat.widget.AppCompatMultiAutoCompleteTextView: void setSupportBackgroundTintMode(android.graphics.PorterDuff$Mode)
androidx.core.view.ViewCompat$Api26Impl: boolean hasExplicitFocusable(android.view.View)
androidx.datastore.preferences.protobuf.Writer$FieldOrder: androidx.datastore.preferences.protobuf.Writer$FieldOrder[] values()
io.flutter.embedding.android.KeyData$DeviceType: io.flutter.embedding.android.KeyData$DeviceType valueOf(java.lang.String)
androidx.core.view.ViewCompat$Api26Impl: android.view.autofill.AutofillId getAutofillId(android.view.View)
androidx.core.view.WindowInsetsCompat$BuilderImpl29: void setTappableElementInsets(androidx.core.graphics.Insets)
androidx.core.app.AppOpsManagerCompat$Api29Impl: int checkOpNoThrow(android.app.AppOpsManager,java.lang.String,int,java.lang.String)
androidx.appcompat.widget.Toolbar: java.lang.CharSequence getTitle()
androidx.appcompat.widget.SwitchCompat: void setTrackDrawable(android.graphics.drawable.Drawable)
androidx.appcompat.widget.AppCompatSpinner: void setDropDownVerticalOffset(int)
androidx.biometric.AuthenticationCallbackProvider$Api28Impl$1: void onAuthenticationSucceeded(android.hardware.biometrics.BiometricPrompt$AuthenticationResult)
androidx.appcompat.widget.LinearLayoutCompat: int getDividerPadding()
androidx.fragment.app.SpecialEffectsController$Operation$LifecycleImpact: androidx.fragment.app.SpecialEffectsController$Operation$LifecycleImpact[] values()
androidx.core.view.WindowInsetsCompat$Impl20: androidx.core.graphics.Insets getInsets(int,boolean)