build/app/outputs/mapping/release/mapping.txt
# compiler: R8
# compiler_version: 8.7.14
# min_api: 21
# common_typos_disable
# {"id":"com.android.tools.r8.mapping","version":"2.2"}
# pg_map_id: ad56dad
# pg_map_hash: SHA-256 ad56dad4f9cde1f921b7298585055694293ab267d85734d080236b264e907fcb
...
io.flutter.FlutterInjector$Builder -> R8$$REMOVED$$CLASS$$191:
# {"id":"sourceFile","fileName":"FlutterInjector.java"}
io.flutter.FlutterInjector$Builder$NamedThreadFactory -> b1.a:
# {"id":"sourceFile","fileName":"FlutterInjector.java"}
    int threadId -> a
    1:5:java.lang.Thread newThread(java.lang.Runnable):123:123 -> newThread
    6:29:java.lang.Thread newThread(java.lang.Runnable):124:124 -> newThread
io.flutter.Log -> R8$$REMOVED$$CLASS$$192:
# {"id":"sourceFile","fileName":"Log.java"}
io.flutter.embedding.android.AndroidTouchProcessor -> c1.a:
# {"id":"sourceFile","fileName":"AndroidTouchProcessor.java"}
    io.flutter.embedding.engine.renderer.FlutterRenderer renderer -> a
      # {"id":"com.android.tools.r8.residualsignature","signature":"Lio/flutter/embedding/engine/renderer/j;"}
    io.flutter.embedding.android.MotionEventTracker motionEventTracker -> b
      # {"id":"com.android.tools.r8.residualsignature","signature":"LW0/a;"}
    boolean trackMotionEvents -> c
    java.util.Map ongoingPans -> d
      # {"id":"com.android.tools.r8.residualsignature","signature":"Ljava/util/HashMap;"}
    int cachedVerticalScrollFactor -> e
    android.graphics.Matrix IDENTITY_TRANSFORM -> f
    1:8:void <clinit>():104:104 -> <clinit>
    1:3:void <init>(io.flutter.embedding.engine.renderer.FlutterRenderer,boolean):122:122 -> <init>
      # {"id":"com.android.tools.r8.residualsignature","signature":"(Lio/flutter/embedding/engine/renderer/j;Z)V"}
    4:10:void <init>(io.flutter.embedding.engine.renderer.FlutterRenderer,boolean):108:108 -> <init>
    11:12:void <init>(io.flutter.embedding.engine.renderer.FlutterRenderer,boolean):123:123 -> <init>
    13:16:io.flutter.embedding.android.MotionEventTracker io.flutter.embedding.android.MotionEventTracker.getInstance():43:43 -> <init>
    13:16:void <init>(io.flutter.embedding.engine.renderer.FlutterRenderer,boolean):124 -> <init>
io.flutter.embedding.android.FlutterActivity -> c1.c:
# {"id":"sourceFile","fileName":"FlutterActivity.java"}
    boolean hasRegisteredBackCallback -> f
    io.flutter.embedding.android.FlutterActivityAndFragmentDelegate delegate -> g
      # {"id":"com.android.tools.r8.residualsignature","signature":"Lc1/f;"}
    androidx.lifecycle.LifecycleRegistry lifecycle -> h
      # {"id":"com.android.tools.r8.residualsignature","signature":"Landroidx/lifecycle/v;"}
    android.window.OnBackInvokedCallback onBackInvokedCallback -> i
    int FLUTTER_VIEW_ID -> j
    1:7:void <clinit>():223:223 -> <clinit>
    1:4:void <init>():601:601 -> <init>
    5:6:void <init>():215:215 -> <init>
    7:18:void <init>():692:692 -> <init>
    19:24:android.window.OnBackInvokedCallback createOnBackInvokedCallback():704:704 -> <init>
    19:24:void <init>():692 -> <init>
    25:30:android.window.OnBackInvokedCallback createOnBackInvokedCallback():727:727 -> <init>
    25:30:void <init>():692 -> <init>
    31:32:void <init>():692:692 -> <init>
    33:40:void <init>():602:602 -> <init>
    1:10:boolean isDebuggable():1234:1234 -> a
    1:10:java.lang.String getAppBundlePath():1218 -> a
    11:26:java.lang.String getAppBundlePath():1218:1218 -> a
    27:39:java.lang.String getAppBundlePath():1219:1219 -> a
    1:12:io.flutter.embedding.android.FlutterActivityLaunchConfigs$BackgroundMode getBackgroundMode():1269:1269 -> b
      # {"id":"com.android.tools.r8.residualsignature","signature":"()I"}