build/app/outputs/mapping/release/usage.txt
kotlinx.coroutines.flow.FlowKt__CollectKt
kotlinx.coroutines.flow.FlowKt__ContextKt
kotlinx.coroutines.flow.FlowKt__LimitKt
kotlinx.coroutines.flow.FlowKt__ReduceKt
kotlinx.coroutines.flow.MutableStateFlow:
    public abstract boolean compareAndSet()
    public abstract java.lang.Object getValue()
    public abstract void setValue(java.lang.Object)
kotlinx.coroutines.flow.SafeFlow:
    public static java.lang.Object collectSafely()
kotlinx.coroutines.flow.SharedFlow
kotlinx.coroutines.flow.SharedFlowImpl
kotlinx.coroutines.flow.SharedFlowKt
kotlinx.coroutines.flow.StateFlow
kotlinx.coroutines.flow.StateFlowImpl$$InternalSyntheticThrowCCEIfNotNull$229$f1d1f40a1c8fc04c0a8d71575b6c25dc238f9224ed939db2b509a92e2c81cbda$0
kotlinx.coroutines.flow.StateFlowImpl:
    public final boolean compareAndSet()
    public static kotlinx.coroutines.flow.StateFlowSlot createSlot()
    public final kotlinx.coroutines.flow.internal.AbstractSharedFlowSlot createSlot()
    public static kotlinx.coroutines.flow.StateFlowSlot[] createSlotArray()
    public final kotlinx.coroutines.flow.internal.AbstractSharedFlowSlot[] createSlotArray()
    public final java.lang.Object getValue()
kotlinx.coroutines.flow.StateFlowKt:
    public static final kotlinx.coroutines.flow.StateFlowImpl MutableStateFlow(java.lang.Object)
    public static final synthetic kotlinx.coroutines.internal.Symbol access$getNONE$p()
    public static final synthetic kotlinx.coroutines.internal.Symbol access$getPENDING$p()
kotlinx.coroutines.flow.StateFlowSlot$$InternalSyntheticBackportWithForwarding$2$129489655f160fee44fd1aea9f056a47f91c28d473c1052b61027ea917e98c4c$0
kotlinx.coroutines.flow.StateFlowSlot$$InternalSyntheticBackportWithForwarding$2$ce7b13c9754ebcc746ac049b20939ad04e48aa86e11ad982717628308b70c772$0
kotlinx.coroutines.flow.StateFlowSlot$$InternalSyntheticBackportWithForwarding$2$ce7b13c9754ebcc746ac049b20939ad04e48aa86e11ad982717628308b70c772$1
kotlinx.coroutines.flow.StateFlowSlot:
    public static boolean allocateLocked()
    public final boolean allocateLocked$1()
    public static java.lang.Object awaitPending()
    public static kotlin.coroutines.Continuation[] freeLocked()
    public final kotlin.coroutines.Continuation[] freeLocked$1()
    public static void makePending()
    public static boolean takePending()
kotlinx.coroutines.flow.SubscribedFlowCollector
kotlinx.coroutines.flow.internal.AbstractSharedFlow:
    public kotlinx.coroutines.flow.internal.SubscriptionCountStateFlow _subscriptionCount
    public abstract kotlinx.coroutines.flow.internal.AbstractSharedFlowSlot allocateSlot()
    public abstract kotlinx.coroutines.flow.internal.AbstractSharedFlowSlot createSlot()
    public abstract kotlinx.coroutines.flow.internal.AbstractSharedFlowSlot[] createSlotArray()
    public abstract kotlinx.coroutines.flow.internal.AbstractSharedFlowSlot[] getSlots()
kotlinx.coroutines.flow.internal.AbstractSharedFlowKt
kotlinx.coroutines.flow.internal.AbstractSharedFlowSlot:
    public abstract boolean allocateLocked$1()
    public abstract kotlin.coroutines.Continuation[] freeLocked$1()
kotlinx.coroutines.flow.internal.ChannelFlow$collect$2:
    public final java.lang.Object invoke$7()
kotlinx.coroutines.flow.internal.ChannelFlow$collectToFun$1:
    public final java.lang.Object invoke$13()
kotlinx.coroutines.flow.internal.ChannelFlow:
    public abstract java.lang.String additionalToStringProps()
    public abstract kotlin.jvm.functions.Function2 getCollectToFun$kotlinx_coroutines_core()
    public abstract int getProduceCapacity$kotlinx_coroutines_core()
    public abstract kotlinx.coroutines.channels.ReceiveChannel produceImpl()
kotlinx.coroutines.flow.internal.ChannelFlowOperator$collectWithContextUndispatched$2:
    public final java.lang.Object invoke$4()
kotlinx.coroutines.flow.internal.ChannelFlowOperator